<?xml version="1.0" encoding="UTF-8"?>
<testsuite xmlns:xsi="http://www.w3.org/2001/XMLSchema-instance" xsi:noNamespaceSchemaLocation="https://maven.apache.org/surefire/maven-surefire-plugin/xsd/surefire-test-report-3.0.xsd" version="3.0" name="com.brillio.unified_portal_onboarding_updated.UnifiedPortalOnboardingUpdatedApplicationTests" time="3.573" tests="1" errors="0" skipped="0" failures="0">
  <properties>
[...]
</properties>
  <testcase name="contextLoads" classname="com.brillio.unified_portal_onboarding_updated.UnifiedPortalOnboardingUpdatedApplicationTests" time="0.479">
    <system-out><![CDATA[13:58:30.541 [main] INFO org.springframework.test.context.support.AnnotationConfigContextLoaderUtils -- Could not detect default configuration classes for test class [com.brillio.unified_portal_onboarding_updated.UnifiedPortalOnboardingUpdatedApplicationTests]: UnifiedPortalOnboardingUpdatedApplicationTests does not declare any static, non-private, non-final, nested classes annotated with @Configuration.
13:58:30.633 [main] INFO org.springframework.boot.test.context.SpringBootTestContextBootstrapper -- Found @SpringBootConfiguration com.brillio.unified_portal_onboarding_updated.UnifiedPortalOnboardingUpdatedApplication for test class com.brillio.unified_portal_onboarding_updated.UnifiedPortalOnboardingUpdatedApplicationTests
13:58:30.741 [main] INFO org.springframework.boot.devtools.restart.RestartApplicationListener -- Restart disabled due to context in which it is running

  .   ____          _            __ _ _
 /\\ / ___'_ __ _ _(_)_ __  __ _ \ \ \ \
( ( )\___ | '_ | '_| | '_ \/ _` | \ \ \ \
 \\/  ___)| |_)| | | | | || (_| |  ) ) ) )
  '  |____| .__|_| |_|_| |_\__, | / / / /
 =========|_|==============|___/=/_/_/_/

 :: Spring Boot ::                (v3.3.6)

2024-12-18T13:58:30.943+05:30  INFO 29192 --- [unified-portal-onboarding-updated] [           main] dPortalOnboardingUpdatedApplicationTests : Starting UnifiedPortalOnboardingUpdatedApplicationTests using Java 23.0.1 with PID 29192 (started by Anil.Kumar4 in C:\Users\Anil.Kumar4\Downloads\unified-portal-onboarding-updated\unified-portal-onboarding-updated)
2024-12-18T13:58:30.944+05:30  INFO 29192 --- [unified-portal-onboarding-updated] [           main] dPortalOnboardingUpdatedApplicationTests : No active profile set, falling back to 1 default profile: "default"
2024-12-18T13:58:31.548+05:30  INFO 29192 --- [unified-portal-onboarding-updated] [           main] .s.d.r.c.RepositoryConfigurationDelegate : Bootstrapping Spring Data JPA repositories in DEFAULT mode.
2024-12-18T13:58:31.568+05:30  INFO 29192 --- [unified-portal-onboarding-updated] [           main] .s.d.r.c.RepositoryConfigurationDelegate : Finished Spring Data repository scanning in 8 ms. Found 0 JPA repository interfaces.
2024-12-18T13:58:31.897+05:30  INFO 29192 --- [unified-portal-onboarding-updated] [           main] o.hibernate.jpa.internal.util.LogHelper  : HHH000204: Processing PersistenceUnitInfo [name: default]
2024-12-18T13:58:31.963+05:30  INFO 29192 --- [unified-portal-onboarding-updated] [           main] org.hibernate.Version                    : HHH000412: Hibernate ORM core version 6.5.3.Final
2024-12-18T13:58:31.994+05:30  INFO 29192 --- [unified-portal-onboarding-updated] [           main] o.h.c.internal.RegionFactoryInitiator    : HHH000026: Second-level cache disabled
2024-12-18T13:58:32.251+05:30  INFO 29192 --- [unified-portal-onboarding-updated] [           main] o.s.o.j.p.SpringPersistenceUnitInfo      : No LoadTimeWeaver setup: ignoring JPA class transformer
2024-12-18T13:58:32.281+05:30  INFO 29192 --- [unified-portal-onboarding-updated] [           main] com.zaxxer.hikari.HikariDataSource       : HikariPool-1 - Starting...
2024-12-18T13:58:32.546+05:30  INFO 29192 --- [unified-portal-onboarding-updated] [           main] com.zaxxer.hikari.pool.HikariPool        : HikariPool-1 - Added connection com.mysql.cj.jdbc.ConnectionImpl@260d48f5
2024-12-18T13:58:32.547+05:30  INFO 29192 --- [unified-portal-onboarding-updated] [           main] com.zaxxer.hikari.HikariDataSource       : HikariPool-1 - Start completed.
2024-12-18T13:58:32.586+05:30  WARN 29192 --- [unified-portal-onboarding-updated] [           main] org.hibernate.orm.deprecation            : HHH90000025: MySQL8Dialect does not need to be specified explicitly using 'hibernate.dialect' (remove the property setting and it will be selected by default)
2024-12-18T13:58:32.587+05:30  WARN 29192 --- [unified-portal-onboarding-updated] [           main] org.hibernate.orm.deprecation            : HHH90000026: MySQL8Dialect has been deprecated; use org.hibernate.dialect.MySQLDialect instead
2024-12-18T13:58:32.839+05:30  INFO 29192 --- [unified-portal-onboarding-updated] [           main] o.h.e.t.j.p.i.JtaPlatformInitiator       : HHH000489: No JTA platform available (set 'hibernate.transaction.jta.platform' to enable JTA platform integration)
2024-12-18T13:58:32.844+05:30  INFO 29192 --- [unified-portal-onboarding-updated] [           main] j.LocalContainerEntityManagerFactoryBean : Initialized JPA EntityManagerFactory for persistence unit 'default'
2024-12-18T13:58:32.988+05:30  WARN 29192 --- [unified-portal-onboarding-updated] [           main] JpaBaseConfiguration$JpaWebConfiguration : spring.jpa.open-in-view is enabled by default. Therefore, database queries may be performed during view rendering. Explicitly configure spring.jpa.open-in-view to disable this warning
2024-12-18T13:58:33.450+05:30  INFO 29192 --- [unified-portal-onboarding-updated] [           main] dPortalOnboardingUpdatedApplicationTests : Started UnifiedPortalOnboardingUpdatedApplicationTests in 2.719 seconds (process running for 4.038)
]]></system-out>
    <system-err><![CDATA[WARNING: A Java agent has been loaded dynamically (C:\Users\Anil.Kumar4\.m2\repository\net\bytebuddy\byte-buddy-agent\1.14.19\byte-buddy-agent-1.14.19.jar)
WARNING: If a serviceability tool is in use, please run with -XX:+EnableDynamicAgentLoading to hide this warning
WARNING: If a serviceability tool is not in use, please run with -Djdk.instrument.traceUsage for more information
WARNING: Dynamic loading of agents will be disallowed by default in a future release
]]></system-err>
  </testcase>
</testsuite>